<?xml version="1.0" encoding="UTF-8"?>
<testng-results ignored="0" total="1" passed="1" failed="0" skipped="0">
  <reporter-output>
  </reporter-output>
  <suite started-at="2021-11-10T12:36:56 EST" name="MJ6 Regression" finished-at="2021-11-10T12:37:18 EST" duration-ms="21301">
    <groups>
    </groups>
    <test started-at="2021-11-10T12:36:56 EST" name="testingggg" finished-at="2021-11-10T12:37:18 EST" duration-ms="21301">
      <class name="testCases.TC">
        <test-method is-config="true" signature="beforeSuite()[pri:0, instance:testCases.TC@5d7148e2]" started-at="2021-11-10T12:36:56 EST" name="beforeSuite" finished-at="2021-11-10T12:36:56 EST" duration-ms="369" status="PASS">
          <reporter-output>
          </reporter-output>
        </test-method> <!-- beforeSuite -->
        <test-method signature="searchJobs(java.lang.String,java.lang.String,java.lang.String,java.lang.String,java.lang.String,java.lang.String,java.lang.String)[pri:1, instance:testCases.TC@5d7148e2]" started-at="2021-11-10T12:36:57 EST" name="searchJobs" finished-at="2021-11-10T12:37:18 EST" duration-ms="21132" status="PASS">
          <params>
            <param index="0">
              <value>
                <![CDATA[Selenium]]>
              </value>
            </param>
            <param index="1">
              <value>
                <![CDATA[London]]>
              </value>
            </param>
            <param index="2">
              <value>
                <![CDATA[up to 5 miles]]>
              </value>
            </param>
            <param index="3">
              <value>
                <![CDATA[30000]]>
              </value>
            </param>
            <param index="4">
              <value>
                <![CDATA[40000]]>
              </value>
            </param>
            <param index="5">
              <value>
                <![CDATA[Per annum]]>
              </value>
            </param>
            <param index="6">
              <value>
                <![CDATA[Any]]>
              </value>
            </param>
          </params>
          <reporter-output>
          </reporter-output>
        </test-method> <!-- searchJobs -->
      </class> <!-- testCases.TC -->
    </test> <!-- testingggg -->
  </suite> <!-- MJ6 Regression -->
</testng-results>
